<?xml version="1.0" encoding="UTF-8"?>
<!-- Generated by org.testng.reporters.JUnitReportReporter -->
<testsuite hostname="DESKTOP-66NG6LL" failures="0" tests="1" name="week8_Marathon.CreateIncident" time="193.665" errors="0" timestamp="2022-10-28T11:59:50 IST" skipped="0">
  <testcase classname="week8_Marathon.CreateIncident" name="runCreateIncident" time="193.665"/>
  <system-out/>
</testsuite> <!-- week8_Marathon.CreateIncident -->
